<?xml version="1.0" encoding="UTF-8"?>
<!-- Generated by org.testng.reporters.JUnitReportReporter -->
<testsuite hostname="EC2AMAZ-QMT81CS" failures="0" tests="1" name="sample.UseCase1_Chrome" time="11.016" errors="0" timestamp="2023-06-09T08:42:53 UTC" skipped="0">
  <testcase classname="sample.UseCase1_Chrome" name="testSimple" time="11.016"/>
  <system-out/>
</testsuite> <!-- sample.UseCase1_Chrome -->
