<?xml version="1.0" encoding="UTF-8"?>
<!-- Generated by org.testng.reporters.JUnitReportReporter -->
<testsuite hostname="EC2AMAZ-QMT81CS" failures="0" tests="1" name="sample.UseCase2_Mobile_Pixel" time="72.830" errors="0" timestamp="2023-06-09T08:28:44 UTC" skipped="0">
  <testcase classname="sample.UseCase2_Mobile_Pixel" name="testSimple" time="72.830"/>
  <system-out/>
</testsuite> <!-- sample.UseCase2_Mobile_Pixel -->
